<?xml version="1.0" encoding="UTF-8"?>
<!DOCTYPE beans PUBLIC "-//SPRING//DTD BEAN//EN" "	http://192.168.30.109:8080/third_party_docs/spring-beans.dtd">
<!-- <!DOCTYPE beans PUBLIC "-//SPRING//DTD BEAN//EN" "http://localhost/specs/dtds/spring-beans.dtd"> -->
<beans>
	<!-- 
		| This is configuration for test-specific beans, such as mock objects, etc. Uki. 
	-->
	<import resource="applicationContext.xml" />

	<bean id="customEditorConfigurer"
		class="org.springframework.beans.factory.config.CustomEditorConfigurer">
		<property name="customEditors">
			<map>
				<entry key="java.util.Date">
					<bean
						class="org.springframework.beans.propertyeditors.CustomDateEditor">
						<constructor-arg index="0">
							<bean class="java.text.SimpleDateFormat">
								<constructor-arg value="dd/MM/yyyy" />
							</bean>
						</constructor-arg>
						<constructor-arg index="1" value="false" />
					</bean>
				</entry>
			</map>
		</property>
	</bean>


	<bean id="joeA" class="com.test.model.Person">
		<property name="firstName" value="Joe" />
		<property name="lastName" value="Alpha" />
		<property name="father" ref="papaA" />
		<property name="mother" ref="mamaA" />
		<property name="age" value="10" />
	</bean>
	<bean id="sallyA" class="com.test.model.Person">
		<property name="firstName" value="Sally" />
		<property name="lastName" value="Alpha" />
		<property name="father" ref="papaA" />
		<property name="mother" ref="mamaA" />
		<property name="age" value="9" />
	</bean>
	<bean id="papaA" class="com.test.model.Person">
		<property name="firstName" value="Papa" />
		<property name="lastName" value="Alpha" />
		<property name="father" ref="grandpaA" />
		<property name="mother" ref="grandmaA" />
		<property name="age" value="39" />
	</bean>
	<bean id="mamaA" class="com.test.model.Person">
		<property name="firstName" value="Mama" />
		<property name="lastName" value="Alpha" />
		<property name="age" value="40" />
	</bean>

	<bean id="joeB" class="com.test.model.Person">
		<property name="firstName" value="Joe" />
		<property name="lastName" value="Beta" />
		<property name="father" ref="papaB" />
		<property name="mother" ref="mamaB" />
		<property name="age" value="10" />
	</bean>
	<bean id="margretB" class="com.test.model.Person">
		<property name="firstName" value="Margret" />
		<property name="lastName" value="Beta" />
		<property name="father" ref="papaB" />
		<property name="mother" ref="mamaB" />
		<property name="age" value="14" />
	</bean>
	<bean id="papaB" class="com.test.model.Person">
		<property name="firstName" value="Papa" />
		<property name="lastName" value="Beta" />
		<property name="age" value="39" />
	</bean>
	<bean id="mamaB" class="com.test.model.Person">
		<property name="firstName" value="Mama" />
		<property name="lastName" value="Beta" />
		<property name="father" ref="grandpaA" />
		<property name="mother" ref="grandmaA" />
		<property name="age" value="38" />
	</bean>

	<bean id="grandpaA" class="com.test.model.Person">
		<property name="firstName" value="Grandpa" />
		<property name="lastName" value="Alpha" />
		<property name="age" value="65" />
	</bean>
	<bean id="grandmaA" class="com.test.model.Person">
		<property name="firstName" value="Grandma" />
		<property name="lastName" value="Alpha" />
		<property name="age" value="65" />
	</bean>
</beans>

